<?xml version="1.0" encoding="UTF-8"?>
<!-- Generated by org.testng.reporters.JUnitReportReporter -->
<testsuite skipped="0" hostname="DESKTOP-IQOQ25D" name="legal.reg.DocuSign" tests="1" failures="0" timestamp="2 May 2017 04:10:39 GMT" time="1290.121" errors="0">
  <testcase name="TestDocuSign" time="1290.121" classname="legal.reg.DocuSign"/>
</testsuite> <!-- legal.reg.DocuSign -->
