<?xml version="1.0" encoding="UTF-8"?>
<!-- Generated by org.testng.reporters.JUnitReportReporter -->
<testsuite skipped="0" hostname="DESKTOP-IQOQ25D" name="legal.reg.DocuSignFlag" tests="1" failures="0" timestamp="2 May 2017 09:17:24 GMT" time="1324.344" errors="0">
  <testcase name="TestDocuSignFlag" time="1324.344" classname="legal.reg.DocuSignFlag"/>
</testsuite> <!-- legal.reg.DocuSignFlag -->
