<?xml version="1.0" encoding="UTF-8"?>
<!-- Generated by org.testng.reporters.JUnitReportReporter -->
<testsuite skipped="0" hostname="DESKTOP-OSG9M88" name="legal.reg.AssignForApproval" tests="1" failures="0" timestamp="21 Sep 2017 10:58:32 GMT" time="97.609" errors="0">
  <testcase name="TestAssignForApproval" time="97.609" classname="legal.reg.AssignForApproval"/>
</testsuite> <!-- legal.reg.AssignForApproval -->
