<?xml version="1.0" encoding="UTF-8"?>
<!-- Generated by org.testng.reporters.JUnitReportReporter -->
<testsuite skipped="0" hostname="DESKTOP-IQOQ25D" name="legal.reg.Backend" tests="1" failures="0" timestamp="4 May 2017 06:08:34 GMT" time="23.616" errors="0">
  <testcase name="TestBackend" time="23.616" classname="legal.reg.Backend"/>
</testsuite> <!-- legal.reg.Backend -->
