<?xml version="1.0" encoding="UTF-8"?>
<!-- Generated by org.testng.reporters.JUnitReportReporter -->
<testsuite skipped="0" hostname="User-PC" name="legal.reg.Document" tests="1" failures="0" timestamp="30 Jun 2017 02:35:37 GMT" time="90.660" errors="0">
  <testcase name="TestDocument" time="90.660" classname="legal.reg.Document"/>
</testsuite> <!-- legal.reg.Document -->
