<?xml version="1.0" encoding="UTF-8"?>
<!-- Generated by org.testng.reporters.JUnitReportReporter -->
<testsuite skipped="0" hostname="DESKTOP-OSG9M88" name="legal.reg.LinkDocument" tests="1" failures="0" timestamp="24 Aug 2017 04:56:41 GMT" time="88.104" errors="0">
  <testcase name="TestLinkDocument" time="88.104" classname="legal.reg.LinkDocument"/>
</testsuite> <!-- legal.reg.LinkDocument -->
