<?xml version="1.0" encoding="UTF-8"?>
<!-- Generated by org.testng.reporters.JUnitReportReporter -->
<testsuite skipped="0" hostname="DESKTOP-OSG9M88" name="legal.reg.Dashboard_new" tests="1" failures="0" timestamp="21 Sep 2017 03:01:44 GMT" time="508.948" errors="0">
  <testcase name="TestDashboard" time="508.948" classname="legal.reg.Dashboard_new"/>
</testsuite> <!-- legal.reg.Dashboard_new -->
