<?xml version="1.0" encoding="UTF-8"?>
<!-- Generated by org.testng.reporters.JUnitReportReporter -->
<testsuite skipped="0" hostname="DESKTOP-OSG9M88" name="legal.reg.Usage" tests="1" failures="0" timestamp="28 Jul 2017 02:22:15 GMT" time="52.526" errors="0">
  <testcase name="TestUsage" time="52.526" classname="legal.reg.Usage"/>
</testsuite> <!-- legal.reg.Usage -->
