<?xml version="1.0" encoding="UTF-8"?>
<!-- Generated by org.testng.reporters.JUnitReportReporter -->
<testsuite skipped="0" hostname="DESKTOP-OSG9M88" name="legal.reg.Comment" tests="1" failures="0" timestamp="21 Sep 2017 06:13:44 GMT" time="461.836" errors="0">
  <testcase name="TestComment" time="461.836" classname="legal.reg.Comment"/>
</testsuite> <!-- legal.reg.Comment -->
