<?xml version="1.0" encoding="UTF-8"?>
<!-- Generated by org.testng.reporters.JUnitReportReporter -->
<testsuite skipped="0" hostname="DESKTOP-OSG9M88" name="legal.reg.Settings" tests="1" failures="0" timestamp="21 Sep 2017 03:29:41 GMT" time="280.737" errors="0">
  <testcase name="TestSettings" time="280.737" classname="legal.reg.Settings"/>
</testsuite> <!-- legal.reg.Settings -->
