<?xml version="1.0" encoding="UTF-8"?>
<!-- Generated by org.testng.reporters.JUnitReportReporter -->
<testsuite skipped="0" hostname="DESKTOP-OSG9M88" name="legal.reg.LoginVerify" tests="1" failures="0" timestamp="21 Sep 2017 02:38:47 GMT" time="370.508" errors="0">
  <testcase name="Login" time="370.508" classname="legal.reg.LoginVerify"/>
</testsuite> <!-- legal.reg.LoginVerify -->
